time=2025-04-10 level=info msg="Logging setup complete."
time="2025-04-10T21:35:48+08:00" level=info msg="Application started."
time=2025-04-10 level=info msg="Logging setup complete."
time="2025-04-10T21:38:33+08:00" level=info msg="Application started."
time=2025-04-10 level=info msg="Logging setup complete."
time="2025-04-10T21:38:53+08:00" level=info msg="Application started."
time=2025-04-10 level=info msg="Logging setup complete."
time="2025-04-10T21:40:11+08:00" level=info msg="Application started."
time=2025-04-10 level=info msg="Logging setup complete."
time="2025-04-10T21:41:29+08:00" level=info msg="Application started."
time=2025-04-10 level=info msg="Logging setup complete."
time="2025-04-10T21:46:52+08:00" level=info msg="Application started with Bind: 0.0.0.0, Port: 6379"
time=2025-04-10 level=info msg="Logging setup complete."
time="2025-04-10T22:08:45+08:00" level=info msg="Application started with Bind: 0.0.0.0, Port: 6379"
time="2025-04-10T22:08:45+08:00" level=info msg="start listen"
time="2025-04-10T22:08:52+08:00" level=info msg="shutting down"
time="2025-04-10T22:08:52+08:00" level=info msg="handler shutting down"
time=2025-04-10 level=info msg="Logging setup complete."
time="2025-04-10T22:08:58+08:00" level=info msg="Application started with Bind: 0.0.0.0, Port: 6379"
time="2025-04-10T22:08:58+08:00" level=info msg="start listen"
time="2025-04-10T22:11:31+08:00" level=info msg="shutting down"
time="2025-04-10T22:11:31+08:00" level=info msg="handler shutting down"
time=2025-04-10 level=info msg="Logging setup complete."
time="2025-04-10T22:11:38+08:00" level=info msg="Application started with Bind: 0.0.0.0, Port: 6379"
time="2025-04-10T22:11:38+08:00" level=info msg="start listen"
time="2025-04-10T22:13:32+08:00" level=info msg="shutting down"
time="2025-04-10T22:13:32+08:00" level=info msg="handler shutting down"
time=2025-04-10 level=info msg="Logging setup complete."
time="2025-04-10T22:13:34+08:00" level=info msg="Application started with Bind: 0.0.0.0, Port: 6379"
time="2025-04-10T22:13:34+08:00" level=info msg="start listen"
time="2025-04-10T22:14:07+08:00" level=info msg="shutting down"
time="2025-04-10T22:14:07+08:00" level=info msg="handler shutting down"
